[ERROR] 21:39:40:469 Consola/(3273:3273): Archivo de configuración inválido.
[ERROR] 15:28:23:637 Consola/(19749:19749): Archivo de configuración inválido.
[ERROR] 22:49:49:287 Consola/(3596:3596): Archivo de configuración inválido.
[ERROR] 22:49:49:287 Consola/(3596:3596): Error al conectar (a KERNEL)

[ERROR] 22:50:07:967 Consola/(3598:3598): Archivo de configuración inválido.
[ERROR] 22:50:07:968 Consola/(3598:3598): Error al conectar (a KERNEL)

[ERROR] 22:52:47:180 Consola/(3642:3642): Archivo de configuración inválido.
[ERROR] 22:52:47:181 Consola/(3642:3642): Error al conectar (a KERNEL)

[INFO] 22:58:00:412 Consola/(3734:3734): 
IP_KERNEL: 127.0.0.1
PUERTO_KERNEL: 8000
[INFO] 22:58:00:412 Consola/(3734:3734): SEGMENTO: 64
[INFO] 22:58:00:412 Consola/(3734:3734): SEGMENTO: 256
[INFO] 22:58:00:412 Consola/(3734:3734): SEGMENTO: 128
[INFO] 22:58:00:412 Consola/(3734:3734): SEGMENTO: 32
[INFO] 22:58:00:413 Consola/(3734:3734): Cliente conectado en 127.0.0.1:8000 (a KERNEL)

[INFO] 22:58:00:414 Consola/(3734:3734): Se realizo el envio se desconecto del kernel
[INFO] 22:58:34:596 Consola/(3736:3736): 
IP_KERNEL: 127.0.0.1
PUERTO_KERNEL: 8000
[INFO] 22:58:34:596 Consola/(3736:3736): SEGMENTO: 64
[INFO] 22:58:34:597 Consola/(3736:3736): SEGMENTO: 256
[INFO] 22:58:34:597 Consola/(3736:3736): SEGMENTO: 128
[INFO] 22:58:34:597 Consola/(3736:3736): SEGMENTO: 32
[INFO] 22:58:34:597 Consola/(3736:3736): Cliente conectado en 127.0.0.1:8000 (a KERNEL)

[INFO] 22:58:34:599 Consola/(3736:3736): Se realizo el envio se desconecto del kernel
[INFO] 22:58:49:596 Consola/(3738:3738): 
IP_KERNEL: 127.0.0.1
PUERTO_KERNEL: 8000
[INFO] 22:58:49:597 Consola/(3738:3738): SEGMENTO: 64
[INFO] 22:58:49:597 Consola/(3738:3738): SEGMENTO: 256
[INFO] 22:58:49:598 Consola/(3738:3738): SEGMENTO: 128
[INFO] 22:58:49:598 Consola/(3738:3738): SEGMENTO: 32
[INFO] 22:58:49:598 Consola/(3738:3738): Cliente conectado en 127.0.0.1:8000 (a KERNEL)

[INFO] 22:58:49:600 Consola/(3738:3738): Se realizo el envio se desconecto del kernel
[INFO] 22:58:54:292 Consola/(3740:3740): 
IP_KERNEL: 127.0.0.1
PUERTO_KERNEL: 8000
[INFO] 22:58:54:293 Consola/(3740:3740): SEGMENTO: 64
[INFO] 22:58:54:293 Consola/(3740:3740): SEGMENTO: 256
[INFO] 22:58:54:294 Consola/(3740:3740): SEGMENTO: 128
[INFO] 22:58:54:294 Consola/(3740:3740): SEGMENTO: 32
[INFO] 22:58:54:294 Consola/(3740:3740): Cliente conectado en 127.0.0.1:8000 (a KERNEL)

[INFO] 22:58:54:296 Consola/(3740:3740): Se realizo el envio se desconecto del kernel
[INFO] 22:58:56:916 Consola/(3742:3742): 
IP_KERNEL: 127.0.0.1
PUERTO_KERNEL: 8000
[INFO] 22:58:56:916 Consola/(3742:3742): SEGMENTO: 64
[INFO] 22:58:56:916 Consola/(3742:3742): SEGMENTO: 256
[INFO] 22:58:56:916 Consola/(3742:3742): SEGMENTO: 128
[INFO] 22:58:56:916 Consola/(3742:3742): SEGMENTO: 32
[INFO] 22:58:56:917 Consola/(3742:3742): Cliente conectado en 127.0.0.1:8000 (a KERNEL)

[INFO] 22:58:56:918 Consola/(3742:3742): Se realizo el envio se desconecto del kernel
[INFO] 23:01:46:581 Consola/(3794:3794): 
IP_KERNEL: 127.0.0.1
PUERTO_KERNEL: 8000
[INFO] 23:01:46:582 Consola/(3794:3794): SEGMENTO: 64
[INFO] 23:01:46:582 Consola/(3794:3794): SEGMENTO: 256
[INFO] 23:01:46:583 Consola/(3794:3794): SEGMENTO: 128
[INFO] 23:01:46:583 Consola/(3794:3794): SEGMENTO: 32
[INFO] 23:01:46:583 Consola/(3794:3794): Cliente conectado en 127.0.0.1:8000 (a KERNEL)

[INFO] 23:01:46:585 Consola/(3794:3794): Se realizo el envio se desconecto del kernel
[INFO] 23:03:32:676 Consola/(3801:3801): 
IP_KERNEL: 127.0.0.1
PUERTO_KERNEL: 8000
[INFO] 23:03:32:676 Consola/(3801:3801): SEGMENTO: 64
[INFO] 23:03:32:676 Consola/(3801:3801): SEGMENTO: 256
[INFO] 23:03:32:677 Consola/(3801:3801): SEGMENTO: 128
[INFO] 23:03:32:677 Consola/(3801:3801): SEGMENTO: 32
[INFO] 23:03:32:677 Consola/(3801:3801): Cliente conectado en 127.0.0.1:8000 (a KERNEL)

[INFO] 23:03:32:679 Consola/(3801:3801): Se realizo el envio se desconecto del kernel
[ERROR] 00:10:47:034 Consola/(8621:8621): Archivo de configuración inválido.
[ERROR] 00:10:48:260 Consola/(8621:8621): Error al conectar (a KERNEL)

[ERROR] 00:12:03:987 Consola/(8707:8707): Archivo de configuración inválido.
[ERROR] 00:12:03:987 Consola/(8707:8707): Error al conectar (a KERNEL)

[ERROR] 22:09:01:644 Consola/(4229:4229): Archivo de configuración inválido.
[ERROR] 22:09:01:646 Consola/(4229:4229): Error al conectar (a KERNEL)

[ERROR] 22:09:06:157 Consola/(4234:4234): Archivo de configuración inválido.
[ERROR] 22:09:06:160 Consola/(4234:4234): Error al conectar (a KERNEL)

[INFO] 22:10:16:164 Consola/(4287:4287): 
IP_KERNEL: 127.0.0.1
PUERTO_KERNEL: 8000
[INFO] 22:10:16:168 Consola/(4287:4287): SEGMENTO: 64
[INFO] 22:10:16:168 Consola/(4287:4287): SEGMENTO: 256
[INFO] 22:10:16:168 Consola/(4287:4287): SEGMENTO: 128
[INFO] 22:10:16:168 Consola/(4287:4287): SEGMENTO: 32
[INFO] 22:10:16:169 Consola/(4287:4287): Cliente conectado en 127.0.0.1:8000 (a KERNEL)

[INFO] 22:10:16:171 Consola/(4287:4287): Se realizo el envio se desconecto del kernel
[INFO] 22:10:45:644 Consola/(4295:4295): 
IP_KERNEL: 127.0.0.1
PUERTO_KERNEL: 8000
[INFO] 22:10:45:647 Consola/(4295:4295): SEGMENTO: 64
[INFO] 22:10:45:647 Consola/(4295:4295): SEGMENTO: 256
[INFO] 22:10:45:647 Consola/(4295:4295): SEGMENTO: 128
[INFO] 22:10:45:647 Consola/(4295:4295): SEGMENTO: 32
[INFO] 22:10:45:647 Consola/(4295:4295): Cliente conectado en 127.0.0.1:8000 (a KERNEL)

[INFO] 22:10:45:649 Consola/(4295:4295): Se realizo el envio se desconecto del kernel
[INFO] 22:11:37:973 Consola/(4307:4307): 
IP_KERNEL: 127.0.0.1
PUERTO_KERNEL: 8000
[INFO] 22:11:37:974 Consola/(4307:4307): SEGMENTO: 64
[INFO] 22:11:37:974 Consola/(4307:4307): SEGMENTO: 256
[INFO] 22:11:37:974 Consola/(4307:4307): SEGMENTO: 128
[INFO] 22:11:37:974 Consola/(4307:4307): SEGMENTO: 32
[INFO] 22:11:37:975 Consola/(4307:4307): Cliente conectado en 127.0.0.1:8000 (a KERNEL)

[INFO] 22:11:37:977 Consola/(4307:4307): Se realizo el envio se desconecto del kernel
[INFO] 22:12:13:252 Consola/(4331:4331): 
IP_KERNEL: 127.0.0.1
PUERTO_KERNEL: 8000
[INFO] 22:12:13:254 Consola/(4331:4331): SEGMENTO: 64
[INFO] 22:12:13:254 Consola/(4331:4331): SEGMENTO: 256
[INFO] 22:12:13:255 Consola/(4331:4331): SEGMENTO: 128
[INFO] 22:12:13:255 Consola/(4331:4331): SEGMENTO: 32
[INFO] 22:12:13:255 Consola/(4331:4331): Cliente conectado en 127.0.0.1:8000 (a KERNEL)

[INFO] 22:12:13:257 Consola/(4331:4331): Se realizo el envio se desconecto del kernel
[INFO] 22:14:01:236 Consola/(4346:4346): 
IP_KERNEL: 127.0.0.1
PUERTO_KERNEL: 8000
[INFO] 22:14:01:236 Consola/(4346:4346): SEGMENTO: 64
[INFO] 22:14:01:236 Consola/(4346:4346): SEGMENTO: 256
[INFO] 22:14:01:237 Consola/(4346:4346): SEGMENTO: 128
[INFO] 22:14:01:237 Consola/(4346:4346): SEGMENTO: 32
[INFO] 22:14:01:237 Consola/(4346:4346): Cliente conectado en 127.0.0.1:8000 (a KERNEL)

[INFO] 22:14:01:239 Consola/(4346:4346): Se realizo el envio se desconecto del kernel
[ERROR] 22:14:30:219 Consola/(4357:4357): Archivo de configuración inválido.
[ERROR] 22:14:30:220 Consola/(4357:4357): Error al conectar (a KERNEL)

[ERROR] 22:15:05:701 Consola/(4366:4366): Archivo de configuración inválido.
[ERROR] 22:15:05:702 Consola/(4366:4366): Error al conectar (a KERNEL)

[INFO] 22:16:13:507 Consola/(4374:4374): 
IP_KERNEL: 127.0.0.1
PUERTO_KERNEL: 8000
[INFO] 22:16:13:508 Consola/(4374:4374): SEGMENTO: 64
[INFO] 22:16:13:508 Consola/(4374:4374): SEGMENTO: 256
[INFO] 22:16:13:508 Consola/(4374:4374): SEGMENTO: 128
[INFO] 22:16:13:508 Consola/(4374:4374): SEGMENTO: 32
[INFO] 22:16:13:509 Consola/(4374:4374): Cliente conectado en 127.0.0.1:8000 (a KERNEL)

[INFO] 22:16:13:510 Consola/(4374:4374): Se realizo el envio se desconecto del kernel
[INFO] 22:16:51:212 Consola/(4385:4385): 
IP_KERNEL: 127.0.0.1
PUERTO_KERNEL: 8000
[INFO] 22:16:51:213 Consola/(4385:4385): SEGMENTO: 64
[INFO] 22:16:51:213 Consola/(4385:4385): SEGMENTO: 256
[INFO] 22:16:51:213 Consola/(4385:4385): SEGMENTO: 128
[INFO] 22:16:51:214 Consola/(4385:4385): SEGMENTO: 32
[INFO] 22:16:51:214 Consola/(4385:4385): Cliente conectado en 127.0.0.1:8000 (a KERNEL)

[INFO] 22:16:51:216 Consola/(4385:4385): Se realizo el envio se desconecto del kernel
[INFO] 22:18:15:316 Consola/(4399:4399): 
IP_KERNEL: 127.0.0.1
PUERTO_KERNEL: 8000
[INFO] 22:18:15:316 Consola/(4399:4399): SEGMENTO: 64
[INFO] 22:18:15:317 Consola/(4399:4399): SEGMENTO: 256
[INFO] 22:18:15:317 Consola/(4399:4399): SEGMENTO: 128
[INFO] 22:18:15:317 Consola/(4399:4399): SEGMENTO: 32
[INFO] 22:18:15:317 Consola/(4399:4399): Cliente conectado en 127.0.0.1:8000 (a KERNEL)

[INFO] 22:18:15:319 Consola/(4399:4399): Se realizo el envio se desconecto del kernel
[INFO] 20:55:36:154 Consola/(5233:5233): 
IP_KERNEL: 127.0.0.1
PUERTO_KERNEL: 8000
[INFO] 20:55:36:154 Consola/(5233:5233): SEGMENTO: 64
[INFO] 20:55:36:154 Consola/(5233:5233): SEGMENTO: 256
[INFO] 20:55:36:154 Consola/(5233:5233): SEGMENTO: 128
[INFO] 20:55:36:154 Consola/(5233:5233): SEGMENTO: 32
[INFO] 20:55:36:154 Consola/(5233:5233): Cliente conectado en 127.0.0.1:8000 (a KERNEL)

[INFO] 20:59:18:843 Consola/(5448:5448): 
IP_KERNEL: 127.0.0.1
PUERTO_KERNEL: 8000
[INFO] 20:59:18:844 Consola/(5448:5448): SEGMENTO: 64
[INFO] 20:59:18:844 Consola/(5448:5448): SEGMENTO: 256
[INFO] 20:59:18:844 Consola/(5448:5448): SEGMENTO: 128
[INFO] 20:59:18:844 Consola/(5448:5448): SEGMENTO: 32
[INFO] 20:59:18:844 Consola/(5448:5448): Cliente conectado en 127.0.0.1:8000 (a KERNEL)

[INFO] 21:34:24:387 Consola/(7021:7021): 
IP_KERNEL: 127.0.0.1
PUERTO_KERNEL: 8000
[INFO] 21:34:24:387 Consola/(7021:7021): SEGMENTO: 64
[INFO] 21:34:24:388 Consola/(7021:7021): SEGMENTO: 256
[INFO] 21:34:24:388 Consola/(7021:7021): SEGMENTO: 128
[INFO] 21:34:24:388 Consola/(7021:7021): SEGMENTO: 32
[INFO] 21:34:24:388 Consola/(7021:7021): Cliente conectado en 127.0.0.1:8000 (a KERNEL)

[INFO] 21:40:04:432 Consola/(7217:7217): 
IP_KERNEL: 127.0.0.1
PUERTO_KERNEL: 8000
[INFO] 21:40:04:433 Consola/(7217:7217): SEGMENTO: 64
[INFO] 21:40:04:433 Consola/(7217:7217): SEGMENTO: 256
[INFO] 21:40:04:433 Consola/(7217:7217): SEGMENTO: 128
[INFO] 21:40:04:433 Consola/(7217:7217): SEGMENTO: 32
[INFO] 21:40:04:433 Consola/(7217:7217): Cliente conectado en 127.0.0.1:8000 (a KERNEL)

[INFO] 21:56:19:064 Consola/(8018:8018): 
IP_KERNEL: 127.0.0.1
PUERTO_KERNEL: 8000
[INFO] 21:56:19:066 Consola/(8018:8018): SEGMENTO: 64
[INFO] 21:56:19:066 Consola/(8018:8018): SEGMENTO: 256
[INFO] 21:56:19:066 Consola/(8018:8018): SEGMENTO: 128
[INFO] 21:56:19:066 Consola/(8018:8018): SEGMENTO: 32
[INFO] 21:56:19:067 Consola/(8018:8018): Cliente conectado en 127.0.0.1:8000 (a KERNEL)

[INFO] 21:58:56:990 Consola/(8268:8268): 
IP_KERNEL: 127.0.0.1
PUERTO_KERNEL: 8000
[INFO] 21:58:56:991 Consola/(8268:8268): SEGMENTO: 64
[INFO] 21:58:56:991 Consola/(8268:8268): SEGMENTO: 256
[INFO] 21:58:56:991 Consola/(8268:8268): SEGMENTO: 128
[INFO] 21:58:56:991 Consola/(8268:8268): SEGMENTO: 32
[INFO] 21:58:56:992 Consola/(8268:8268): Cliente conectado en 127.0.0.1:8000 (a KERNEL)

[INFO] 22:02:44:491 Consola/(8599:8599): 
IP_KERNEL: 127.0.0.1
PUERTO_KERNEL: 8000
[INFO] 22:02:44:491 Consola/(8599:8599): SEGMENTO: 64
[INFO] 22:02:44:491 Consola/(8599:8599): SEGMENTO: 256
[INFO] 22:02:44:491 Consola/(8599:8599): SEGMENTO: 128
[INFO] 22:02:44:491 Consola/(8599:8599): SEGMENTO: 32
[INFO] 22:02:44:491 Consola/(8599:8599): Cliente conectado en 127.0.0.1:8000 (a KERNEL)

[INFO] 22:10:49:059 Consola/(9198:9198): 
IP_KERNEL: 127.0.0.1
PUERTO_KERNEL: 8000
[INFO] 22:10:49:060 Consola/(9198:9198): SEGMENTO: 64
[INFO] 22:10:49:060 Consola/(9198:9198): SEGMENTO: 256
[INFO] 22:10:49:060 Consola/(9198:9198): SEGMENTO: 128
[INFO] 22:10:49:060 Consola/(9198:9198): SEGMENTO: 32
[INFO] 22:10:49:061 Consola/(9198:9198): Cliente conectado en 127.0.0.1:8000 (a KERNEL)

[INFO] 22:27:53:818 Consola/(10147:10147): 
IP_KERNEL: 127.0.0.1
PUERTO_KERNEL: 8000
[INFO] 22:27:53:820 Consola/(10147:10147): SEGMENTO: 64
[INFO] 22:27:53:820 Consola/(10147:10147): SEGMENTO: 256
[INFO] 22:27:53:820 Consola/(10147:10147): SEGMENTO: 128
[INFO] 22:27:53:820 Consola/(10147:10147): SEGMENTO: 32
[INFO] 22:27:53:820 Consola/(10147:10147): Cliente conectado en 127.0.0.1:8000 (a KERNEL)

[INFO] 22:41:55:786 Consola/(10917:10917): 
IP_KERNEL: 127.0.0.1
PUERTO_KERNEL: 8000
[INFO] 22:41:55:787 Consola/(10917:10917): SEGMENTO: 64
[INFO] 22:41:55:787 Consola/(10917:10917): SEGMENTO: 256
[INFO] 22:41:55:787 Consola/(10917:10917): SEGMENTO: 128
[INFO] 22:41:55:787 Consola/(10917:10917): SEGMENTO: 32
[INFO] 22:41:55:787 Consola/(10917:10917): Cliente conectado en 127.0.0.1:8000 (a KERNEL)

[INFO] 22:44:28:922 Consola/(11175:11175): 
IP_KERNEL: 127.0.0.1
PUERTO_KERNEL: 8000
[INFO] 22:44:28:922 Consola/(11175:11175): SEGMENTO: 64
[INFO] 22:44:28:923 Consola/(11175:11175): SEGMENTO: 256
[INFO] 22:44:28:923 Consola/(11175:11175): SEGMENTO: 128
[INFO] 22:44:28:923 Consola/(11175:11175): SEGMENTO: 32
[INFO] 22:44:28:923 Consola/(11175:11175): Cliente conectado en 127.0.0.1:8000 (a KERNEL)

[INFO] 23:00:29:143 Consola/(11841:11841): 
IP_KERNEL: 127.0.0.1
PUERTO_KERNEL: 8000
[INFO] 23:00:29:144 Consola/(11841:11841): SEGMENTO: 64
[INFO] 23:00:29:144 Consola/(11841:11841): SEGMENTO: 256
[INFO] 23:00:29:144 Consola/(11841:11841): SEGMENTO: 128
[INFO] 23:00:29:144 Consola/(11841:11841): SEGMENTO: 32
[INFO] 23:00:29:145 Consola/(11841:11841): Cliente conectado en 127.0.0.1:8000 (a KERNEL)

[INFO] 23:08:08:612 Consola/(12465:12465): 
IP_KERNEL: 127.0.0.1
PUERTO_KERNEL: 8000
[INFO] 23:08:08:612 Consola/(12465:12465): SEGMENTO: 64
[INFO] 23:08:08:612 Consola/(12465:12465): SEGMENTO: 256
[INFO] 23:08:08:612 Consola/(12465:12465): SEGMENTO: 128
[INFO] 23:08:08:612 Consola/(12465:12465): SEGMENTO: 32
[INFO] 23:08:08:612 Consola/(12465:12465): Cliente conectado en 127.0.0.1:8000 (a KERNEL)

[INFO] 23:12:50:122 Consola/(12772:12772): 
IP_KERNEL: 127.0.0.1
PUERTO_KERNEL: 8000
[INFO] 23:12:50:122 Consola/(12772:12772): SEGMENTO: 64
[INFO] 23:12:50:122 Consola/(12772:12772): SEGMENTO: 256
[INFO] 23:12:50:123 Consola/(12772:12772): SEGMENTO: 128
[INFO] 23:12:50:123 Consola/(12772:12772): SEGMENTO: 32
[INFO] 23:12:50:123 Consola/(12772:12772): Cliente conectado en 127.0.0.1:8000 (a KERNEL)

[INFO] 23:20:38:399 Consola/(13270:13270): 
IP_KERNEL: 127.0.0.1
PUERTO_KERNEL: 8000
[INFO] 23:20:38:399 Consola/(13270:13270): SEGMENTO: 64
[INFO] 23:20:38:399 Consola/(13270:13270): SEGMENTO: 256
[INFO] 23:20:38:399 Consola/(13270:13270): SEGMENTO: 128
[INFO] 23:20:38:399 Consola/(13270:13270): SEGMENTO: 32
[INFO] 23:20:38:400 Consola/(13270:13270): Cliente conectado en 127.0.0.1:8000 (a KERNEL)

[INFO] 23:27:00:022 Consola/(13759:13759): 
IP_KERNEL: 127.0.0.1
PUERTO_KERNEL: 8000
[INFO] 23:27:00:023 Consola/(13759:13759): SEGMENTO: 64
[INFO] 23:27:00:023 Consola/(13759:13759): SEGMENTO: 256
[INFO] 23:27:00:023 Consola/(13759:13759): SEGMENTO: 128
[INFO] 23:27:00:023 Consola/(13759:13759): SEGMENTO: 32
[INFO] 23:27:00:023 Consola/(13759:13759): Cliente conectado en 127.0.0.1:8000 (a KERNEL)

[INFO] 23:34:22:682 Consola/(14275:14275): 
IP_KERNEL: 127.0.0.1
PUERTO_KERNEL: 8000
[INFO] 23:34:22:685 Consola/(14275:14275): SEGMENTO: 64
[INFO] 23:34:22:685 Consola/(14275:14275): SEGMENTO: 256
[INFO] 23:34:22:686 Consola/(14275:14275): SEGMENTO: 128
[INFO] 23:34:22:686 Consola/(14275:14275): SEGMENTO: 32
[INFO] 23:34:22:686 Consola/(14275:14275): Cliente conectado en 127.0.0.1:8000 (a KERNEL)

[INFO] 23:40:13:721 Consola/(14682:14682): 
IP_KERNEL: 127.0.0.1
PUERTO_KERNEL: 8000
[INFO] 23:40:13:722 Consola/(14682:14682): SEGMENTO: 64
[INFO] 23:40:13:722 Consola/(14682:14682): SEGMENTO: 256
[INFO] 23:40:13:722 Consola/(14682:14682): SEGMENTO: 128
[INFO] 23:40:13:722 Consola/(14682:14682): SEGMENTO: 32
[ERROR] 23:40:13:722 Consola/(14682:14682): Error al conectar (a KERNEL)

[INFO] 23:45:35:103 Consola/(15030:15030): 
IP_KERNEL: 127.0.0.1
PUERTO_KERNEL: 8000
[INFO] 23:45:35:104 Consola/(15030:15030): SEGMENTO: 64
[INFO] 23:45:35:104 Consola/(15030:15030): SEGMENTO: 256
[INFO] 23:45:35:104 Consola/(15030:15030): SEGMENTO: 128
[INFO] 23:45:35:104 Consola/(15030:15030): SEGMENTO: 32
[INFO] 23:45:35:104 Consola/(15030:15030): Cliente conectado en 127.0.0.1:8000 (a KERNEL)

[INFO] 00:11:04:610 Consola/(15582:15582): 
IP_KERNEL: 127.0.0.1
PUERTO_KERNEL: 8000
[INFO] 00:11:04:610 Consola/(15582:15582): SEGMENTO: 64
[INFO] 00:11:04:610 Consola/(15582:15582): SEGMENTO: 256
[INFO] 00:11:04:610 Consola/(15582:15582): SEGMENTO: 128
[INFO] 00:11:04:611 Consola/(15582:15582): SEGMENTO: 32
[INFO] 00:11:04:611 Consola/(15582:15582): Cliente conectado en 127.0.0.1:8000 (a KERNEL)

[INFO] 00:20:54:223 Consola/(15830:15830): 
IP_KERNEL: 127.0.0.1
PUERTO_KERNEL: 8000
[INFO] 00:20:54:223 Consola/(15830:15830): SEGMENTO: 64
[INFO] 00:20:54:223 Consola/(15830:15830): SEGMENTO: 256
[INFO] 00:20:54:223 Consola/(15830:15830): SEGMENTO: 128
[INFO] 00:20:54:223 Consola/(15830:15830): SEGMENTO: 32
[INFO] 00:20:54:223 Consola/(15830:15830): Cliente conectado en 127.0.0.1:8000 (a KERNEL)

[INFO] 00:26:32:669 Consola/(16189:16189): 
IP_KERNEL: 127.0.0.1
PUERTO_KERNEL: 8000
[INFO] 00:26:32:670 Consola/(16189:16189): SEGMENTO: 64
[INFO] 00:26:32:670 Consola/(16189:16189): SEGMENTO: 256
[INFO] 00:26:32:670 Consola/(16189:16189): SEGMENTO: 128
[INFO] 00:26:32:670 Consola/(16189:16189): SEGMENTO: 32
[INFO] 00:26:32:670 Consola/(16189:16189): Cliente conectado en 127.0.0.1:8000 (a KERNEL)

