[INFO] 21:42:20:394 Kernel/(3281:3281): 
IP_MEMORIA: 127.0.0.1
PUERTO_MEMORIA: 8002
IP_CPU: 127.0.0.1
PUERTO_CPU_DISPATCH: 8001
PUERTO_CPU_INTERRUPT: 8002
PUERTO_ESCUCHA: 8000
ALGORITMO_PLANIFICACION: RR
GRADO_MAX_MULTIPROGRAMACION: 4
QUANTUM_RR: 2000

[INFO] 22:11:01:753 Kernel/(3513:3513): 
IP_MEMORIA: 127.0.0.1
PUERTO_MEMORIA: 8002
IP_CPU: 127.0.0.1
PUERTO_CPU_DISPATCH: 8001
PUERTO_CPU_INTERRUPT: 8002
PUERTO_ESCUCHA: 8000
ALGORITMO_PLANIFICACION: RR
GRADO_MAX_MULTIPROGRAMACION: 4
QUANTUM_RR: 2000

[INFO] 23:04:09:561 Kernel/(4242:4242): 
IP_MEMORIA: 127.0.0.1
PUERTO_MEMORIA: 8002
IP_CPU: 127.0.0.1
PUERTO_CPU_DISPATCH: 8001
PUERTO_CPU_INTERRUPT: 8002
PUERTO_ESCUCHA: 8000
ALGORITMO_PLANIFICACION: RR
GRADO_MAX_MULTIPROGRAMACION: 4
QUANTUM_RR: 2000

[INFO] 23:18:38:476 Kernel/(4790:4790): 
IP_MEMORIA: 127.0.0.1
PUERTO_MEMORIA: 8002
IP_CPU: 127.0.0.1
PUERTO_CPU_DISPATCH: 8001
PUERTO_CPU_INTERRUPT: 8002
PUERTO_ESCUCHA: 8000
ALGORITMO_PLANIFICACION: RR
GRADO_MAX_MULTIPROGRAMACION: 4
QUANTUM_RR: 2000

[INFO] 23:19:41:662 Kernel/(4879:4879): 
IP_MEMORIA: 127.0.0.1
PUERTO_MEMORIA: 8002
IP_CPU: 127.0.0.1
PUERTO_CPU_DISPATCH: 8001
PUERTO_CPU_INTERRUPT: 8002
PUERTO_ESCUCHA: 8000
ALGORITMO_PLANIFICACION: RR
GRADO_MAX_MULTIPROGRAMACION: 4
QUANTUM_RR: 2000

[INFO] 23:23:29:108 Kernel/(5049:5049): 
IP_MEMORIA: 127.0.0.1
PUERTO_MEMORIA: 8002
IP_CPU: 127.0.0.1
PUERTO_CPU_DISPATCH: 8001
PUERTO_CPU_INTERRUPT: 8002
PUERTO_ESCUCHA: 8000
ALGORITMO_PLANIFICACION: RR
GRADO_MAX_MULTIPROGRAMACION: 4
QUANTUM_RR: 2000

[INFO] 23:25:08:005 Kernel/(5192:5192): 
IP_MEMORIA: 127.0.0.1
PUERTO_MEMORIA: 8002
IP_CPU: 127.0.0.1
PUERTO_CPU_DISPATCH: 8001
PUERTO_CPU_INTERRUPT: 8002
PUERTO_ESCUCHA: 8000
ALGORITMO_PLANIFICACION: RR
GRADO_MAX_MULTIPROGRAMACION: 4
QUANTUM_RR: 2000

[INFO] 23:26:30:421 Kernel/(5228:5228): 
IP_MEMORIA: 127.0.0.1
PUERTO_MEMORIA: 8002
IP_CPU: 127.0.0.1
PUERTO_CPU_DISPATCH: 8001
PUERTO_CPU_INTERRUPT: 8002
PUERTO_ESCUCHA: 8000
ALGORITMO_PLANIFICACION: RR
GRADO_MAX_MULTIPROGRAMACION: 4
QUANTUM_RR: 2000

[INFO] 00:38:21:018 Kernel/(6140:6140): 
IP_MEMORIA: 127.0.0.1
PUERTO_MEMORIA: 8002
IP_CPU: 127.0.0.1
PUERTO_CPU_DISPATCH: 8001
PUERTO_CPU_INTERRUPT: 8002
PUERTO_ESCUCHA: 8000
ALGORITMO_PLANIFICACION: RR
GRADO_MAX_MULTIPROGRAMACION: 4
QUANTUM_RR: 2000

[INFO] 00:39:05:128 Kernel/(6148:6148): 
IP_MEMORIA: 127.0.0.1
PUERTO_MEMORIA: 8002
IP_CPU: 127.0.0.1
PUERTO_CPU_DISPATCH: 8001
PUERTO_CPU_INTERRUPT: 8002
PUERTO_ESCUCHA: 8000
ALGORITMO_PLANIFICACION: RR
GRADO_MAX_MULTIPROGRAMACION: 4
QUANTUM_RR: 2000

[INFO] 00:53:26:921 Kernel/(6642:6642): 
IP_MEMORIA: 127.0.0.1
PUERTO_MEMORIA: 8002
IP_CPU: 127.0.0.1
PUERTO_CPU_DISPATCH: 8001
PUERTO_CPU_INTERRUPT: 8002
PUERTO_ESCUCHA: 8000
ALGORITMO_PLANIFICACION: RR
GRADO_MAX_MULTIPROGRAMACION: 4
QUANTUM_RR: 2000

[INFO] 00:54:15:162 Kernel/(6731:6731): 
IP_MEMORIA: 127.0.0.1
PUERTO_MEMORIA: 8002
IP_CPU: 127.0.0.1
PUERTO_CPU_DISPATCH: 8001
PUERTO_CPU_INTERRUPT: 8002
PUERTO_ESCUCHA: 8000
ALGORITMO_PLANIFICACION: RR
GRADO_MAX_MULTIPROGRAMACION: 4
QUANTUM_RR: 2000

[INFO] 00:54:52:303 Kernel/(6777:6777): 
IP_MEMORIA: 127.0.0.1
PUERTO_MEMORIA: 8002
IP_CPU: 127.0.0.1
PUERTO_CPU_DISPATCH: 8001
PUERTO_CPU_INTERRUPT: 8002
PUERTO_ESCUCHA: 8000
ALGORITMO_PLANIFICACION: RR
GRADO_MAX_MULTIPROGRAMACION: 4
QUANTUM_RR: 2000

[INFO] 01:29:02:279 Kernel/(7036:7036): 
IP_MEMORIA: 127.0.0.1
PUERTO_MEMORIA: 8002
IP_CPU: 127.0.0.1
PUERTO_CPU_DISPATCH: 8001
PUERTO_CPU_INTERRUPT: 8002
PUERTO_ESCUCHA: 8000
ALGORITMO_PLANIFICACION: RR
GRADO_MAX_MULTIPROGRAMACION: 4
QUANTUM_RR: 2000

[INFO] 15:29:41:739 Kernel/(19821:19821): 
IP_MEMORIA: 127.0.0.1
PUERTO_MEMORIA: 8002
IP_CPU: 127.0.0.1
PUERTO_CPU_DISPATCH: 8001
PUERTO_CPU_INTERRUPT: 8002
PUERTO_ESCUCHA: 8000
ALGORITMO_PLANIFICACION: RR
GRADO_MAX_MULTIPROGRAMACION: 4
QUANTUM_RR: 2000

[INFO] 15:41:04:864 Kernel/(20162:20162): 
IP_MEMORIA: 127.0.0.1
PUERTO_MEMORIA: 8002
IP_CPU: 127.0.0.1
PUERTO_CPU_DISPATCH: 8001
PUERTO_CPU_INTERRUPT: 8002
PUERTO_ESCUCHA: 8000
ALGORITMO_PLANIFICACION: RR
GRADO_MAX_MULTIPROGRAMACION: 4
QUANTUM_RR: 2000

[INFO] 15:45:03:468 Kernel/(20837:20837): 
IP_MEMORIA: 127.0.0.1
PUERTO_MEMORIA: 8002
IP_CPU: 127.0.0.1
PUERTO_CPU_DISPATCH: 8001
PUERTO_CPU_INTERRUPT: 8002
PUERTO_ESCUCHA: 8000
ALGORITMO_PLANIFICACION: RR
GRADO_MAX_MULTIPROGRAMACION: 4
QUANTUM_RR: 2000

[INFO] 15:45:33:298 Kernel/(20906:20906): 
IP_MEMORIA: 127.0.0.1
PUERTO_MEMORIA: 8002
IP_CPU: 127.0.0.1
PUERTO_CPU_DISPATCH: 8001
PUERTO_CPU_INTERRUPT: 8002
PUERTO_ESCUCHA: 8000
ALGORITMO_PLANIFICACION: RR
GRADO_MAX_MULTIPROGRAMACION: 4
QUANTUM_RR: 2000

[INFO] 15:56:31:211 Kernel/(21605:21605): 
IP_MEMORIA: 127.0.0.1
PUERTO_MEMORIA: 8002
IP_CPU: 127.0.0.1
PUERTO_CPU_DISPATCH: 8001
PUERTO_CPU_INTERRUPT: 8002
PUERTO_ESCUCHA: 8000
ALGORITMO_PLANIFICACION: RR
GRADO_MAX_MULTIPROGRAMACION: 4
QUANTUM_RR: 2000

[INFO] 20:21:07:743 Kernel/(22750:22750): 
IP_MEMORIA: 127.0.0.1
PUERTO_MEMORIA: 8002
IP_CPU: 127.0.0.1
PUERTO_CPU_DISPATCH: 8001
PUERTO_CPU_INTERRUPT: 8002
PUERTO_ESCUCHA: 8000
ALGORITMO_PLANIFICACION: RR
GRADO_MAX_MULTIPROGRAMACION: 4
QUANTUM_RR: 2000

[INFO] 20:22:00:104 Kernel/(22786:22786): 
IP_MEMORIA: 127.0.0.1
PUERTO_MEMORIA: 8002
IP_CPU: 127.0.0.1
PUERTO_CPU_DISPATCH: 8001
PUERTO_CPU_INTERRUPT: 8002
PUERTO_ESCUCHA: 8000
ALGORITMO_PLANIFICACION: RR
GRADO_MAX_MULTIPROGRAMACION: 4
QUANTUM_RR: 2000

[INFO] 20:28:37:818 Kernel/(23633:23633): 
IP_MEMORIA: 127.0.0.1
PUERTO_MEMORIA: 8002
IP_CPU: 127.0.0.1
PUERTO_CPU_DISPATCH: 8001
PUERTO_CPU_INTERRUPT: 8002
PUERTO_ESCUCHA: 8000
ALGORITMO_PLANIFICACION: RR
GRADO_MAX_MULTIPROGRAMACION: 4
QUANTUM_RR: 2000

[INFO] 20:59:39:818 Kernel/(24775:24775): 
IP_MEMORIA: 127.0.0.1
PUERTO_MEMORIA: 8002
IP_CPU: 127.0.0.1
PUERTO_CPU_DISPATCH: 8001
PUERTO_CPU_INTERRUPT: 8002
PUERTO_ESCUCHA: 8000
ALGORITMO_PLANIFICACION: RR
GRADO_MAX_MULTIPROGRAMACION: 4
QUANTUM_RR: 2000

[INFO] 22:12:14:069 Kernel/(26292:26292): 
IP_MEMORIA: 127.0.0.1
PUERTO_MEMORIA: 8002
IP_CPU: 127.0.0.1
PUERTO_CPU_DISPATCH: 8001
PUERTO_CPU_INTERRUPT: 8002
PUERTO_ESCUCHA: 8000
ALGORITMO_PLANIFICACION: RR
GRADO_MAX_MULTIPROGRAMACION: 4
QUANTUM_RR: 2000

[INFO] 22:12:32:561 Kernel/(26299:26299): 
IP_MEMORIA: 127.0.0.1
PUERTO_MEMORIA: 8002
IP_CPU: 127.0.0.1
PUERTO_CPU_DISPATCH: 8001
PUERTO_CPU_INTERRUPT: 8002
PUERTO_ESCUCHA: 8000
ALGORITMO_PLANIFICACION: RR
GRADO_MAX_MULTIPROGRAMACION: 4
QUANTUM_RR: 2000

[INFO] 22:13:15:005 Kernel/(26328:26328): 
IP_MEMORIA: 127.0.0.1
PUERTO_MEMORIA: 8002
IP_CPU: 127.0.0.1
PUERTO_CPU_DISPATCH: 8001
PUERTO_CPU_INTERRUPT: 8002
PUERTO_ESCUCHA: 8000
ALGORITMO_PLANIFICACION: RR
GRADO_MAX_MULTIPROGRAMACION: 4
QUANTUM_RR: 2000

[INFO] 22:44:17:333 Kernel/(26693:26693): 
IP_MEMORIA: 127.0.0.1
PUERTO_MEMORIA: 8002
IP_CPU: 127.0.0.1
PUERTO_CPU_DISPATCH: 8001
PUERTO_CPU_INTERRUPT: 8002
PUERTO_ESCUCHA: 8000
ALGORITMO_PLANIFICACION: RR
GRADO_MAX_MULTIPROGRAMACION: 4
QUANTUM_RR: 2000

[INFO] 22:46:43:474 Kernel/(26843:26843): 
IP_MEMORIA: 127.0.0.1
PUERTO_MEMORIA: 8002
IP_CPU: 127.0.0.1
PUERTO_CPU_DISPATCH: 8001
PUERTO_CPU_INTERRUPT: 8002
PUERTO_ESCUCHA: 8000
ALGORITMO_PLANIFICACION: RR
GRADO_MAX_MULTIPROGRAMACION: 4
QUANTUM_RR: 2000

[INFO] 22:45:54:831 Kernel/(3528:3528): 
IP_MEMORIA: 127.0.0.1
PUERTO_MEMORIA: 8002
IP_CPU: 127.0.0.1
PUERTO_CPU_DISPATCH: 8001
PUERTO_CPU_INTERRUPT: 8002
PUERTO_ESCUCHA: 8000
ALGORITMO_PLANIFICACION: RR
GRADO_MAX_MULTIPROGRAMACION: 4
QUANTUM_RR: 2000

[INFO] 22:45:54:832 Kernel/(3528:3528): Escuchando en 127.0.0.1:8000 (kernel server)

[INFO] 22:57:52:980 Kernel/(3733:3733): 
IP_MEMORIA: 127.0.0.1
PUERTO_MEMORIA: 8002
IP_CPU: 127.0.0.1
PUERTO_CPU_DISPATCH: 8001
PUERTO_CPU_INTERRUPT: 8002
PUERTO_ESCUCHA: 8000
ALGORITMO_PLANIFICACION: RR
GRADO_MAX_MULTIPROGRAMACION: 4
QUANTUM_RR: 2000

[INFO] 22:57:52:982 Kernel/(3733:3733): Escuchando en 127.0.0.1:8000 (kernel server)

[INFO] 22:58:00:413 Kernel/(3733:3733): Cliente conectado (a KERNEL_SV)

[INFO] 22:58:00:415 Kernel/(3733:3735): La consola se desconecto de KERNEL_SV server
[INFO] 22:58:34:597 Kernel/(3733:3733): Cliente conectado (a KERNEL_SV)

[INFO] 22:58:34:599 Kernel/(3733:3737): La consola se desconecto de KERNEL_SV server
[INFO] 22:58:49:598 Kernel/(3733:3733): Cliente conectado (a KERNEL_SV)

[INFO] 22:58:49:601 Kernel/(3733:3739): La consola se desconecto de KERNEL_SV server
[INFO] 22:58:54:294 Kernel/(3733:3733): Cliente conectado (a KERNEL_SV)

[INFO] 22:58:54:297 Kernel/(3733:3741): La consola se desconecto de KERNEL_SV server
[INFO] 22:58:56:916 Kernel/(3733:3733): Cliente conectado (a KERNEL_SV)

[INFO] 22:58:56:918 Kernel/(3733:3743): La consola se desconecto de KERNEL_SV server
[INFO] 23:01:46:583 Kernel/(3733:3733): Cliente conectado (a KERNEL_SV)

[INFO] 23:01:46:586 Kernel/(3733:3795): La consola se desconecto de KERNEL_SV server
[INFO] 23:03:32:677 Kernel/(3733:3733): Cliente conectado (a KERNEL_SV)

[INFO] 23:03:32:679 Kernel/(3733:3802): La consola se desconecto de KERNEL_SV server
[INFO] 23:04:38:151 Kernel/(3733:3733): Cliente conectado (a KERNEL_SV)

[INFO] 23:04:38:155 Kernel/(3733:3816): La consola se desconecto de KERNEL_SV server
[INFO] 23:04:42:023 Kernel/(3733:3733): Cliente conectado (a KERNEL_SV)

[INFO] 23:04:42:026 Kernel/(3733:3819): La consola se desconecto de KERNEL_SV server
[INFO] 23:08:22:542 Kernel/(3898:3898): 
IP_MEMORIA: 127.0.0.1
PUERTO_MEMORIA: 8002
IP_CPU: 127.0.0.1
PUERTO_CPU_DISPATCH: 8001
PUERTO_CPU_INTERRUPT: 8002
PUERTO_ESCUCHA: 8000
ALGORITMO_PLANIFICACION: RR
GRADO_MAX_MULTIPROGRAMACION: 4
QUANTUM_RR: 2000

[INFO] 23:08:22:543 Kernel/(3898:3898): Escuchando en 127.0.0.1:8000 (kernel server)

[INFO] 23:08:34:439 Kernel/(3898:3898): Cliente conectado (a KERNEL_SV)

[INFO] 23:08:34:441 Kernel/(3898:3905): La consola se desconecto de KERNEL_SV server
[INFO] 23:08:57:135 Kernel/(3898:3898): Cliente conectado (a KERNEL_SV)

[INFO] 23:08:57:138 Kernel/(3898:3915): La consola se desconecto de KERNEL_SV server
[INFO] 23:11:07:904 Kernel/(3898:3898): Cliente conectado (a KERNEL_SV)

[INFO] 23:11:07:907 Kernel/(3898:4179): La consola se desconecto de KERNEL_SV server
[INFO] 23:11:13:646 Kernel/(3898:3898): Cliente conectado (a KERNEL_SV)

[INFO] 23:11:13:648 Kernel/(3898:4182): La consola se desconecto de KERNEL_SV server
[INFO] 23:11:57:320 Kernel/(3898:3898): Cliente conectado (a KERNEL_SV)

[INFO] 23:11:57:323 Kernel/(3898:4280): La consola se desconecto de KERNEL_SV server
[INFO] 23:12:01:927 Kernel/(3898:3898): Cliente conectado (a KERNEL_SV)

[INFO] 23:12:01:930 Kernel/(3898:4287): La consola se desconecto de KERNEL_SV server
[INFO] 23:16:27:253 Kernel/(4685:4685): 
IP_MEMORIA: 127.0.0.1
PUERTO_MEMORIA: 8002
IP_CPU: 127.0.0.1
PUERTO_CPU_DISPATCH: 8001
PUERTO_CPU_INTERRUPT: 8002
PUERTO_ESCUCHA: 8000
ALGORITMO_PLANIFICACION: RR
GRADO_MAX_MULTIPROGRAMACION: 4
QUANTUM_RR: 2000

[INFO] 23:16:27:254 Kernel/(4685:4685): Escuchando en 127.0.0.1:8000 (kernel server)

[INFO] 23:16:30:147 Kernel/(4685:4685): Cliente conectado (a KERNEL_SV)

[INFO] 23:16:30:151 Kernel/(4685:4688): La consola se desconecto de KERNEL_SV server
[INFO] 23:17:48:245 Kernel/(4722:4722): 
IP_MEMORIA: 127.0.0.1
PUERTO_MEMORIA: 8002
IP_CPU: 127.0.0.1
PUERTO_CPU_DISPATCH: 8001
PUERTO_CPU_INTERRUPT: 8002
PUERTO_ESCUCHA: 8000
ALGORITMO_PLANIFICACION: RR
GRADO_MAX_MULTIPROGRAMACION: 4
QUANTUM_RR: 2000

[INFO] 23:17:48:246 Kernel/(4722:4722): Escuchando en 127.0.0.1:8000 (kernel server)

[INFO] 23:17:53:280 Kernel/(4722:4722): Cliente conectado (a KERNEL_SV)

[INFO] 23:17:53:283 Kernel/(4722:4725): La consola se desconecto de KERNEL_SV server
[INFO] 23:50:45:663 Kernel/(6603:6603): 
IP_MEMORIA: 127.0.0.1
PUERTO_MEMORIA: 8002
IP_CPU: 127.0.0.1
PUERTO_CPU_DISPATCH: 8001
PUERTO_CPU_INTERRUPT: 8002
PUERTO_ESCUCHA: 8000
ALGORITMO_PLANIFICACION: RR
GRADO_MAX_MULTIPROGRAMACION: 4
QUANTUM_RR: 2000

[INFO] 23:50:45:664 Kernel/(6603:6603): Escuchando en 127.0.0.1:8000 (kernel server)

[INFO] 23:50:49:832 Kernel/(6603:6603): Cliente conectado (a KERNEL_SV)

[INFO] 23:50:49:835 Kernel/(6603:6606): La consola se desconecto de KERNEL_SV server
[INFO] 00:00:09:686 Kernel/(7688:7688): 
IP_MEMORIA: 127.0.0.1
PUERTO_MEMORIA: 8002
IP_CPU: 127.0.0.1
PUERTO_CPU_DISPATCH: 8001
PUERTO_CPU_INTERRUPT: 8002
PUERTO_ESCUCHA: 8000
ALGORITMO_PLANIFICACION: RR
GRADO_MAX_MULTIPROGRAMACION: 4
QUANTUM_RR: 2000

[INFO] 00:00:09:687 Kernel/(7688:7688): Escuchando en 127.0.0.1:8000 (kernel server)

[INFO] 00:00:12:824 Kernel/(7688:7688): Cliente conectado (a KERNEL_SV)

[INFO] 00:00:12:827 Kernel/(7688:7703): La consola se desconecto de KERNEL_SV server
[INFO] 00:01:09:550 Kernel/(7767:7767): 
IP_MEMORIA: 127.0.0.1
PUERTO_MEMORIA: 8002
IP_CPU: 127.0.0.1
PUERTO_CPU_DISPATCH: 8001
PUERTO_CPU_INTERRUPT: 8002
PUERTO_ESCUCHA: 8000
ALGORITMO_PLANIFICACION: RR
GRADO_MAX_MULTIPROGRAMACION: 4
QUANTUM_RR: 2000

[INFO] 00:01:09:552 Kernel/(7767:7767): Escuchando en 127.0.0.1:8000 (kernel server)

[INFO] 00:01:13:761 Kernel/(7767:7767): Cliente conectado (a KERNEL_SV)

[INFO] 00:01:13:764 Kernel/(7767:7770): La consola se desconecto de KERNEL_SV server
[INFO] 00:02:26:743 Kernel/(7855:7855): 
IP_MEMORIA: 127.0.0.1
PUERTO_MEMORIA: 8002
IP_CPU: 127.0.0.1
PUERTO_CPU_DISPATCH: 8001
PUERTO_CPU_INTERRUPT: 8002
PUERTO_ESCUCHA: 8000
ALGORITMO_PLANIFICACION: RR
GRADO_MAX_MULTIPROGRAMACION: 4
QUANTUM_RR: 2000

[INFO] 00:02:26:744 Kernel/(7855:7855): Escuchando en 127.0.0.1:8000 (kernel server)

[INFO] 00:02:29:753 Kernel/(7855:7855): Cliente conectado (a KERNEL_SV)

[INFO] 00:02:29:757 Kernel/(7855:7858): La consola se desconecto de KERNEL_SV server
[INFO] 00:04:53:247 Kernel/(8071:8071): 
IP_MEMORIA: 127.0.0.1
PUERTO_MEMORIA: 8002
IP_CPU: 127.0.0.1
PUERTO_CPU_DISPATCH: 8001
PUERTO_CPU_INTERRUPT: 8002
PUERTO_ESCUCHA: 8000
ALGORITMO_PLANIFICACION: RR
GRADO_MAX_MULTIPROGRAMACION: 4
QUANTUM_RR: 2000

[INFO] 00:04:53:248 Kernel/(8071:8071): Escuchando en 127.0.0.1:8000 (kernel server)

[INFO] 00:04:56:306 Kernel/(8071:8071): Cliente conectado (a KERNEL_SV)

[INFO] 00:04:56:607 Kernel/(8071:8074): La consola se desconecto de KERNEL_SV server
[INFO] 00:06:45:817 Kernel/(8071:8071): Cliente conectado (a KERNEL_SV)

[INFO] 00:06:46:001 Kernel/(8071:8266): La consola se desconecto de KERNEL_SV server
[INFO] 00:07:15:535 Kernel/(8071:8071): Cliente conectado (a KERNEL_SV)

[INFO] 00:07:15:543 Kernel/(8071:8333): La consola se desconecto de KERNEL_SV server
[INFO] 00:08:31:441 Kernel/(8071:8071): Cliente conectado (a KERNEL_SV)

[INFO] 00:08:31:633 Kernel/(8071:8509): La consola se desconecto de KERNEL_SV server
[INFO] 00:40:02:992 Kernel/(9940:9940): 
IP_MEMORIA: 127.0.0.1
PUERTO_MEMORIA: 8002
IP_CPU: 127.0.0.1
PUERTO_CPU_DISPATCH: 8001
PUERTO_CPU_INTERRUPT: 8002
PUERTO_ESCUCHA: 8000
ALGORITMO_PLANIFICACION: RR
GRADO_MAX_MULTIPROGRAMACION: 4
QUANTUM_RR: 2000

[INFO] 00:40:02:993 Kernel/(9940:9940): Escuchando en 127.0.0.1:8000 (kernel server)

[INFO] 00:40:05:658 Kernel/(9940:9940): Cliente conectado (a KERNEL_SV)

[INFO] 00:40:05:661 Kernel/(9940:9943): La consola se desconecto de KERNEL_SV server
